<?xml version="1.0" encoding="UTF-8" ?>
<testsuites errors="26"
            failures="16"
            tests="5">

  <testsuite name="login-basic-objects"
    errors="26" failures="16" hostname="" id="" package="login-basic-objects" skipped="0"
    tests="5" time="405.6" timestamp="">
  
    <testcase name="Login Page Initial Render" classname="login-basic-objects" time="108.1" assertions="4">

    

    

    

    
    <error message="An error occurred while running .click() command on &lt;a[class=mr-20]&gt;: " type="error"><![CDATA[
    Error
    at Object.Login Page Initial Render (C:\Users\User\Documents\nightwatchjs\tests\login-basic-objects.js:9:10)
    ]]></error>
    
    </testcase>
  
    <testcase name="Try to login with no username or password" classname="login-basic-objects" time="56.89" assertions="5">

      <failure message="Testing if element &lt;Element [name=@error]&gt; is visible in 5000ms - expected &#34;is visible&#34; but got: &#34;element could not be located&#34; (5325ms)">    at Object.Try to login with no username or password (C:\Users\User\Documents\nightwatchjs\tests\login-basic-objects.js:27:15)</failure>

      <failure message="Testing if element &lt;Element [name=@error]&gt; contains text &#39;Username and Password is empty&#39; in 5000ms - expected &#34;contains text &#39;Username and Password is empty&#39;&#34; but got: &#34;element could not be located&#34; (5309ms)">    at Object.Try to login with no username or password (C:\Users\User\Documents\nightwatchjs\tests\login-basic-objects.js:28:15)</failure>

      <failure message="Testing if value of element &lt;Element [name=@username]&gt; contains &#39;&#39; in 5000ms - expected &#34;contains &#39;&#39;&#34; but got: &#34;element could not be located&#34; (5308ms)">    at Object.Try to login with no username or password (C:\Users\User\Documents\nightwatchjs\tests\login-basic-objects.js:29:15)</failure>

      <failure message="Testing if value of element &lt;Element [name=@password]&gt; contains &#39;&#39; in 5000ms - expected &#34;contains &#39;&#39;&#34; but got: &#34;element could not be located&#34; (5343ms)">    at Object.Try to login with no username or password (C:\Users\User\Documents\nightwatchjs\tests\login-basic-objects.js:30:15)</failure>

    
    <error message="Error while running &#34;valueContains&#34; command: Testing if value of element [0;33m&lt;Element [name=@password]&gt;[0m contains [0;33m&#39;&#39;[0m in 5000ms - expected [0;32m&#34;contains &#39;&#39;&#34;[0m but got: [0;31m&#34;element could not be located&#34;[0m [0;90m(5343ms)[0m" type="error"><![CDATA[
        at Object.Try to login with no username or password (C:\Users\User\Documents\nightwatchjs\tests\login-basic-objects.js:30:15)
    ]]></error>
    
    </testcase>
  
    <testcase name="Try to login with a username and no password" classname="login-basic-objects" time="94.08" assertions="5">

      <failure message="Testing if element &lt;Element [name=@error]&gt; is visible in 5000ms - expected &#34;is visible&#34; but got: &#34;element could not be located&#34; (5347ms)">    at Object.Try to login with a username and no password (C:\Users\User\Documents\nightwatchjs\tests\login-basic-objects.js:44:15)</failure>

      <failure message="Testing if element &lt;Element [name=@error]&gt; contains text &#39;Password is empty&#39; in 5000ms - expected &#34;contains text &#39;Password is empty&#39;&#34; but got: &#34;element could not be located&#34; (5328ms)">    at Object.Try to login with a username and no password (C:\Users\User\Documents\nightwatchjs\tests\login-basic-objects.js:45:15)</failure>

      <failure message="Testing if value of element &lt;Element [name=@username]&gt; contains &#39;&#39; in 5000ms - expected &#34;contains &#39;&#39;&#34; but got: &#34;element could not be located&#34; (5333ms)">    at Object.Try to login with a username and no password (C:\Users\User\Documents\nightwatchjs\tests\login-basic-objects.js:46:15)</failure>

      <failure message="Testing if value of element &lt;Element [name=@password]&gt; contains &#39;&#39; in 5000ms - expected &#34;contains &#39;&#39;&#34; but got: &#34;element could not be located&#34; (5328ms)">    at Object.Try to login with a username and no password (C:\Users\User\Documents\nightwatchjs\tests\login-basic-objects.js:47:15)</failure>

    
    <error message="Error while running &#34;valueContains&#34; command: Testing if value of element [0;33m&lt;Element [name=@password]&gt;[0m contains [0;33m&#39;&#39;[0m in 5000ms - expected [0;32m&#34;contains &#39;&#39;&#34;[0m but got: [0;31m&#34;element could not be located&#34;[0m [0;90m(5328ms)[0m" type="error"><![CDATA[
        at Object.Try to login with a username and no password (C:\Users\User\Documents\nightwatchjs\tests\login-basic-objects.js:47:15)
    ]]></error>
    
    </testcase>
  
    <testcase name="Try to login with a password and no username" classname="login-basic-objects" time="67.88" assertions="5">

      <failure message="Testing if element &lt;Element [name=@error]&gt; is visible in 5000ms - expected &#34;is visible&#34; but got: &#34;element could not be located&#34; (5243ms)">    at Object.Try to login with a password and no username (C:\Users\User\Documents\nightwatchjs\tests\login-basic-objects.js:61:15)</failure>

      <failure message="Testing if element &lt;Element [name=@error]&gt; contains text &#39;Username is empty&#39; in 5000ms - expected &#34;contains text &#39;Username is empty&#39;&#34; but got: &#34;element could not be located&#34; (5302ms)">    at Object.Try to login with a password and no username (C:\Users\User\Documents\nightwatchjs\tests\login-basic-objects.js:62:15)</failure>

      <failure message="Testing if value of element &lt;Element [name=@username]&gt; contains &#39;&#39; in 5000ms - expected &#34;contains &#39;&#39;&#34; but got: &#34;element could not be located&#34; (5286ms)">    at Object.Try to login with a password and no username (C:\Users\User\Documents\nightwatchjs\tests\login-basic-objects.js:63:15)</failure>

      <failure message="Testing if value of element &lt;Element [name=@password]&gt; contains &#39;&#39; in 5000ms - expected &#34;contains &#39;&#39;&#34; but got: &#34;element could not be located&#34; (5369ms)">    at Object.Try to login with a password and no username (C:\Users\User\Documents\nightwatchjs\tests\login-basic-objects.js:64:15)</failure>

    
    <error message="Error while running &#34;valueContains&#34; command: Testing if value of element [0;33m&lt;Element [name=@password]&gt;[0m contains [0;33m&#39;&#39;[0m in 5000ms - expected [0;32m&#34;contains &#39;&#39;&#34;[0m but got: [0;31m&#34;element could not be located&#34;[0m [0;90m(5369ms)[0m" type="error"><![CDATA[
        at Object.Try to login with a password and no username (C:\Users\User\Documents\nightwatchjs\tests\login-basic-objects.js:64:15)
    ]]></error>
    
    </testcase>
  
    <testcase name="Enter wrong username and password" classname="login-basic-objects" time="78.64" assertions="5">

      <failure message="Testing if element &lt;Element [name=@error]&gt; is visible in 5000ms - expected &#34;is visible&#34; but got: &#34;element could not be located&#34; (5344ms)">    at Object.Enter wrong username and password (C:\Users\User\Documents\nightwatchjs\tests\login-basic-objects.js:79:15)</failure>

      <failure message="Testing if element &lt;Element [name=@error]&gt; contains text &#39;Invalid Username and/or Password&#39; in 5000ms - expected &#34;contains text &#39;Invalid Username and/or Password&#39;&#34; but got: &#34;element could not be located&#34; (5321ms)">    at Object.Enter wrong username and password (C:\Users\User\Documents\nightwatchjs\tests\login-basic-objects.js:80:15)</failure>

      <failure message="Testing if value of element &lt;Element [name=@username]&gt; contains &#39;&#39; in 5000ms - expected &#34;contains &#39;&#39;&#34; but got: &#34;element could not be located&#34; (5344ms)">    at Object.Enter wrong username and password (C:\Users\User\Documents\nightwatchjs\tests\login-basic-objects.js:81:15)</failure>

      <failure message="Testing if value of element &lt;Element [name=@password]&gt; contains &#39;&#39; in 5000ms - expected &#34;contains &#39;&#39;&#34; but got: &#34;element could not be located&#34; (5345ms)">    at Object.Enter wrong username and password (C:\Users\User\Documents\nightwatchjs\tests\login-basic-objects.js:82:15)</failure>

    
    <error message="Error while running &#34;valueContains&#34; command: Testing if value of element [0;33m&lt;Element [name=@password]&gt;[0m contains [0;33m&#39;&#39;[0m in 5000ms - expected [0;32m&#34;contains &#39;&#39;&#34;[0m but got: [0;31m&#34;element could not be located&#34;[0m [0;90m(5345ms)[0m" type="error"><![CDATA[
        at Object.Enter wrong username and password (C:\Users\User\Documents\nightwatchjs\tests\login-basic-objects.js:82:15)
    ]]></error>
    
    </testcase>
  

  
    <system-err>
        TimeoutError: An error occurred while running .click() command on &lt;a[class=mr-20]&gt;: 
   {&#34;status&#34;:-1,&#34;state&#34;:&#34;&#34;,&#34;code&#34;:&#34;ECONNRESET&#34;,&#34;value&#34;:null,&#34;errorStatus&#34;:&#34;&#34;,&#34;error&#34;:&#34;Error ECONNRESET: socket hang up&#34;,&#34;httpStatusCode&#34;:null}
       at Object.Login Page Initial Render (C:\Users\User\Documents\nightwatchjs\tests\login-basic-objects.js:9:10)
  NoSuchElementError: An error occurred while running .click() command on &lt;Element [name=@submit]&gt;: 
   {&#34;sessionId&#34;:&#34;29468533d432634c84318bb56164f5e5&#34;,&#34;status&#34;:0,&#34;value&#34;:[]}
       at Object.Try to login with no username or password (C:\Users\User\Documents\nightwatchjs\tests\login-basic-objects.js:26:8)
  NoSuchElementError: An error occurred while running .isVisible() command on &lt;Element [name=@error]&gt;: 
   {&#34;sessionId&#34;:&#34;29468533d432634c84318bb56164f5e5&#34;,&#34;status&#34;:0,&#34;value&#34;:[]}
       at processTicksAndRejections (internal/process/task_queues.js:93:5)
  NoSuchElementError: An error occurred while running .getText() command on &lt;Element [name=@error]&gt;: 
   {&#34;sessionId&#34;:&#34;29468533d432634c84318bb56164f5e5&#34;,&#34;status&#34;:0,&#34;value&#34;:[]}
       at processTicksAndRejections (internal/process/task_queues.js:93:5)
  NoSuchElementError: An error occurred while running .getValue() command on &lt;Element [name=@username]&gt;: 
   {&#34;sessionId&#34;:&#34;29468533d432634c84318bb56164f5e5&#34;,&#34;status&#34;:0,&#34;value&#34;:[]}
       at processTicksAndRejections (internal/process/task_queues.js:93:5)
  NoSuchElementError: An error occurred while running .getValue() command on &lt;Element [name=@password]&gt;: 
   {&#34;sessionId&#34;:&#34;29468533d432634c84318bb56164f5e5&#34;,&#34;status&#34;:0,&#34;value&#34;:[]}
       at processTicksAndRejections (internal/process/task_queues.js:93:5)
  Error: Error while running .url(): Error ECONNRESET: socket hang up
       at processTicksAndRejections (internal/process/task_queues.js:93:5)
  NoSuchElementError: An error occurred while running .setValue() command on &lt;Element [name=@username]&gt;: 
   {&#34;sessionId&#34;:&#34;5480f6178d7bb5bcc608a788dae9efb5&#34;,&#34;status&#34;:0,&#34;value&#34;:[]}
       at Object.Try to login with a username and no password (C:\Users\User\Documents\nightwatchjs\tests\login-basic-objects.js:42:8)
  NoSuchElementError: An error occurred while running .click() command on &lt;Element [name=@submit]&gt;: 
   {&#34;sessionId&#34;:&#34;5480f6178d7bb5bcc608a788dae9efb5&#34;,&#34;status&#34;:0,&#34;value&#34;:[]}
       at Object.Try to login with a username and no password (C:\Users\User\Documents\nightwatchjs\tests\login-basic-objects.js:43:8)
  NoSuchElementError: An error occurred while running .isVisible() command on &lt;Element [name=@error]&gt;: 
   {&#34;sessionId&#34;:&#34;5480f6178d7bb5bcc608a788dae9efb5&#34;,&#34;status&#34;:0,&#34;value&#34;:[]}
       at processTicksAndRejections (internal/process/task_queues.js:93:5)
  NoSuchElementError: An error occurred while running .getText() command on &lt;Element [name=@error]&gt;: 
   {&#34;sessionId&#34;:&#34;5480f6178d7bb5bcc608a788dae9efb5&#34;,&#34;status&#34;:0,&#34;value&#34;:[]}
       at processTicksAndRejections (internal/process/task_queues.js:93:5)
  NoSuchElementError: An error occurred while running .getValue() command on &lt;Element [name=@username]&gt;: 
   {&#34;sessionId&#34;:&#34;5480f6178d7bb5bcc608a788dae9efb5&#34;,&#34;status&#34;:0,&#34;value&#34;:[]}
       at processTicksAndRejections (internal/process/task_queues.js:93:5)
  NoSuchElementError: An error occurred while running .getValue() command on &lt;Element [name=@password]&gt;: 
   {&#34;sessionId&#34;:&#34;5480f6178d7bb5bcc608a788dae9efb5&#34;,&#34;status&#34;:0,&#34;value&#34;:[]}
       at processTicksAndRejections (internal/process/task_queues.js:93:5)
  NoSuchElementError: An error occurred while running .setValue() command on &lt;Element [name=@password]&gt;: 
   {&#34;sessionId&#34;:&#34;7a72836258fa8df22e66229c8162e8d2&#34;,&#34;status&#34;:0,&#34;value&#34;:[]}
       at Object.Try to login with a password and no username (C:\Users\User\Documents\nightwatchjs\tests\login-basic-objects.js:59:8)
  NoSuchElementError: An error occurred while running .click() command on &lt;Element [name=@submit]&gt;: 
   {&#34;sessionId&#34;:&#34;7a72836258fa8df22e66229c8162e8d2&#34;,&#34;status&#34;:0,&#34;value&#34;:[]}
       at Object.Try to login with a password and no username (C:\Users\User\Documents\nightwatchjs\tests\login-basic-objects.js:60:8)
  NoSuchElementError: An error occurred while running .isVisible() command on &lt;Element [name=@error]&gt;: 
   {&#34;sessionId&#34;:&#34;7a72836258fa8df22e66229c8162e8d2&#34;,&#34;status&#34;:0,&#34;value&#34;:[]}
       at runMicrotasks (&lt;anonymous&gt;)
       at processTicksAndRejections (internal/process/task_queues.js:93:5)
  NoSuchElementError: An error occurred while running .getText() command on &lt;Element [name=@error]&gt;: 
   {&#34;sessionId&#34;:&#34;7a72836258fa8df22e66229c8162e8d2&#34;,&#34;status&#34;:0,&#34;value&#34;:[]}
       at runMicrotasks (&lt;anonymous&gt;)
       at processTicksAndRejections (internal/process/task_queues.js:93:5)
  NoSuchElementError: An error occurred while running .getValue() command on &lt;Element [name=@username]&gt;: 
   {&#34;sessionId&#34;:&#34;7a72836258fa8df22e66229c8162e8d2&#34;,&#34;status&#34;:0,&#34;value&#34;:[]}
       at runMicrotasks (&lt;anonymous&gt;)
       at processTicksAndRejections (internal/process/task_queues.js:93:5)
  NoSuchElementError: An error occurred while running .getValue() command on &lt;Element [name=@password]&gt;: 
   {&#34;sessionId&#34;:&#34;7a72836258fa8df22e66229c8162e8d2&#34;,&#34;status&#34;:0,&#34;value&#34;:[]}
       at runMicrotasks (&lt;anonymous&gt;)
       at processTicksAndRejections (internal/process/task_queues.js:93:5)
  NoSuchElementError: An error occurred while running .setValue() command on &lt;Element [name=@username]&gt;: 
   {&#34;sessionId&#34;:&#34;ee81920148b3967f5a0e40f4b2fc7185&#34;,&#34;status&#34;:0,&#34;value&#34;:[]}
       at Object.Enter wrong username and password (C:\Users\User\Documents\nightwatchjs\tests\login-basic-objects.js:76:8)
  NoSuchElementError: An error occurred while running .setValue() command on &lt;Element [name=@password]&gt;: 
   {&#34;sessionId&#34;:&#34;ee81920148b3967f5a0e40f4b2fc7185&#34;,&#34;status&#34;:0,&#34;value&#34;:[]}
       at Object.Enter wrong username and password (C:\Users\User\Documents\nightwatchjs\tests\login-basic-objects.js:77:8)
  NoSuchElementError: An error occurred while running .click() command on &lt;Element [name=@submit]&gt;: 
   {&#34;sessionId&#34;:&#34;ee81920148b3967f5a0e40f4b2fc7185&#34;,&#34;status&#34;:0,&#34;value&#34;:[]}
       at Object.Enter wrong username and password (C:\Users\User\Documents\nightwatchjs\tests\login-basic-objects.js:78:8)
  NoSuchElementError: An error occurred while running .isVisible() command on &lt;Element [name=@error]&gt;: 
   {&#34;sessionId&#34;:&#34;ee81920148b3967f5a0e40f4b2fc7185&#34;,&#34;status&#34;:0,&#34;value&#34;:[]}
       at runMicrotasks (&lt;anonymous&gt;)
       at processTicksAndRejections (internal/process/task_queues.js:93:5)
  NoSuchElementError: An error occurred while running .getText() command on &lt;Element [name=@error]&gt;: 
   {&#34;sessionId&#34;:&#34;ee81920148b3967f5a0e40f4b2fc7185&#34;,&#34;status&#34;:0,&#34;value&#34;:[]}
       at runMicrotasks (&lt;anonymous&gt;)
       at processTicksAndRejections (internal/process/task_queues.js:93:5)
  NoSuchElementError: An error occurred while running .getValue() command on &lt;Element [name=@username]&gt;: 
   {&#34;sessionId&#34;:&#34;ee81920148b3967f5a0e40f4b2fc7185&#34;,&#34;status&#34;:0,&#34;value&#34;:[]}
       at runMicrotasks (&lt;anonymous&gt;)
       at processTicksAndRejections (internal/process/task_queues.js:93:5)
  NoSuchElementError: An error occurred while running .getValue() command on &lt;Element [name=@password]&gt;: 
   {&#34;sessionId&#34;:&#34;ee81920148b3967f5a0e40f4b2fc7185&#34;,&#34;status&#34;:0,&#34;value&#34;:[]}
       at runMicrotasks (&lt;anonymous&gt;)
       at processTicksAndRejections (internal/process/task_queues.js:93:5)
    </system-err>
  

    

  
  </testsuite>
</testsuites>
